TN:
SF:lib\utils.ts
FN:1,sanitizeSensitiveData
FN:32,validateInput
FN:62,generateFilename
FN:72,sha256
FN:77,(anonymous_4)
FNF:5
FNH:3
FNDA:7,sanitizeSensitiveData
FNDA:6,validateInput
FNDA:1,generateFilename
FNDA:0,sha256
FNDA:0,(anonymous_4)
DA:1,1
DA:2,7
DA:4,7
DA:10,7
DA:11,21
DA:14,7
DA:19,7
DA:24,7
DA:29,7
DA:32,1
DA:38,6
DA:40,6
DA:41,2
DA:44,6
DA:45,1
DA:48,6
DA:49,1
DA:52,6
DA:53,1
DA:56,6
DA:62,1
DA:63,1
DA:64,1
DA:65,1
DA:66,1
DA:67,1
DA:68,1
DA:69,1
DA:72,1
DA:73,0
DA:74,0
DA:75,0
DA:76,0
DA:77,0
LF:34
LH:29
BRDA:40,0,0,2
BRDA:40,1,0,6
BRDA:40,1,1,5
BRDA:40,1,2,5
BRDA:44,2,0,1
BRDA:44,3,0,6
BRDA:44,3,1,6
BRDA:48,4,0,1
BRDA:48,5,0,6
BRDA:48,5,1,6
BRDA:52,6,0,1
BRDA:52,7,0,6
BRDA:52,7,1,6
BRF:13
BRH:13
end_of_record
